<?xml version="1.0" encoding="UTF-8" ?>
<testsuites errors="1"
            failures="1"
            tests="1">

  <testsuite name="with-page-objects.google"
    errors="1" failures="1" hostname="" id="" package="with-page-objects" skipped="0"
    tests="1" time="16.27" timestamp="">
  
    <testcase name="should find nightwatch.js in results" classname="with-page-objects.google" time="6.893" assertions="1">  <failure message="Timed out while waiting for element &lt;input[value=&#34;Google Search&#34;]&gt; to be present for 1000 milliseconds. - expected &#34;visible&#34; but got: &#34;not found&#34; (1346ms)">    at Page.submit (/Users/pushpeshkumar/nightwatch-demo/nightwatch/page-objects/google/search.js:17:10)
    at DescribeInstance.&lt;anonymous&gt; (/Users/pushpeshkumar/nightwatch-demo/nightwatch/examples/with-page-objects/google.js:20:14)</failure>

    
    <error message="Timed out while waiting for element &lt;input[value=&#34;Google Search&#34;]&gt; to be present for 1000 milliseconds. - expected [32m&#34;visible&#34;[39m but got: [31m&#34;not found&#34;[39m [90m(1346ms)[39m" type="error"><![CDATA[
    Error
    at Command.executeCommand (/Users/pushpeshkumar/nightwatch-demo/node_modules/nightwatch/lib/page-object/command-wrapper.js:281:22)
    at Page.waitForElementVisible (/Users/pushpeshkumar/nightwatch-demo/node_modules/nightwatch/lib/page-object/command-wrapper.js:86:27)
    at Page.submit (/Users/pushpeshkumar/nightwatch-demo/nightwatch/page-objects/google/search.js:17:10)
    at DescribeInstance.&lt;anonymous&gt; (/Users/pushpeshkumar/nightwatch-demo/nightwatch/examples/with-page-objects/google.js:20:14)
    at Context.call (/Users/pushpeshkumar/nightwatch-demo/node_modules/nightwatch/lib/testsuite/context.js:515:35)
    at TestCase.run (/Users/pushpeshkumar/nightwatch-demo/node_modules/nightwatch/lib/testsuite/testcase.js:58:31)
    at Runnable.__runFn (/Users/pushpeshkumar/nightwatch-demo/node_modules/nightwatch/lib/testsuite/index.js:839:80)
    at Runnable.run (/Users/pushpeshkumar/nightwatch-demo/node_modules/nightwatch/lib/testsuite/runnable.js:126:21)
    at TestSuite.executeRunnable (/Users/pushpeshkumar/nightwatch-demo/node_modules/nightwatch/lib/testsuite/index.js:1000:49)
    at TestSuite.handleRunnable (/Users/pushpeshkumar/nightwatch-demo/node_modules/nightwatch/lib/testsuite/index.js:1015:33)
    ]]></error>
    
    </testcase>
  

  
    <system-err>
       TimeoutError
   An error occurred while running .setValue() command on &lt;Element [name=@searchBar]&gt;: element not interactable
  (Session info: chrome=130.0.6723.117)
    {&#34;error&#34;:{&#34;name&#34;:&#34;ElementNotInteractableError&#34;,&#34;remoteStacktrace&#34;:&#34;&#34;},&#34;status&#34;:-1,&#34;value&#34;:null}

    Error location:
    /Users/pushpeshkumar/nightwatch-demo/nightwatch/examples/with-page-objects/google.js:19
    ––––––––––––––––––––––––––––––––––––––––––––––––––––––––––––––––––––––––––––––––––––––
     17 | 
     18 |   it(&#39;should find nightwatch.js in results&#39;, function(browser) {
     19 |     homePage.setValue(&#39;@searchBar&#39;, &#39;Nightwatch.js&#39;); 
     20 |     homePage.submit();
     21 | 
    ––––––––––––––––––––––––––––––––––––––––––––––––––––––––––––––––––––––––––––––––––––––

    </system-err>
  

    

  
  </testsuite>
</testsuites>
